<?xml version="1.0" encoding="UTF-8"?>
<testsuite xmlns:xsi="http://www.w3.org/2001/XMLSchema-instance" xsi:noNamespaceSchemaLocation="https://maven.apache.org/surefire/maven-surefire-plugin/xsd/surefire-test-report.xsd" name="InventoryTest" time="0.054" tests="9" errors="0" skipped="0" failures="0">
  <properties>
[...]
</properties>
  <testcase name="basicTest" classname="InventoryTest" time="0.005"/>
  <testcase name="emptyTest" classname="InventoryTest" time="0"/>
  <testcase name="basicTest2" classname="InventoryTest" time="0"/>
  <testcase name="emptyOrder" classname="InventoryTest" time="0"/>
  <testcase name="multiItems2" classname="InventoryTest" time="0"/>
  <testcase name="multiItems3" classname="InventoryTest" time="0"/>
  <testcase name="emptyWareHouse" classname="InventoryTest" time="0"/>
  <testcase name="multiItems" classname="InventoryTest" time="0"/>
  <testcase name="multiItemEmptyTest" classname="InventoryTest" time="0"/>
</testsuite>